<?xml version="1.0" encoding="UTF-8"?>
<!-- Generated by org.testng.reporters.JUnitReportReporter -->
<testsuite hostname="Shohom" failures="0" tests="2" name="maven.RediffHomepage" time="92.091" errors="0" timestamp="2021-11-16T15:07:08 IST" skipped="0">
  <testcase classname="maven.RediffHomepage" name="validateLoginPage" time="46.953"/>
  <system-out/>
  <testcase classname="maven.RediffHomepage" name="validateLoginPage" time="45.138"/>
  <system-out/>
</testsuite> <!-- maven.RediffHomepage -->
